
PLAY [Exercise 1b] *************************************************************

TASK [Get Arista ARP] **********************************************************
ok: [arista5]

TASK [Get Cisco ARP] ***********************************************************
skipping: [arista5]

TASK [Get Juniper Arp] *********************************************************
skipping: [arista5]

TASK [Print ARP output] ********************************************************
ok: [arista5] => {
    "arista_show_ip_arp": {
        "changed": false,
        "failed": false,
        "stdout": [
            "Address         Age (sec)  Hardware Addr   Interface\n10.220.88.1       0:00:00  0024.c4e9.48ae  Vlan1, Ethernet1\n10.220.88.37      2:59:30  0001.00ff.0001  Vlan1, Ethernet1\n10.220.88.38      0:54:41  0002.00ff.0001  Vlan1, Ethernet1"
        ],
        "stdout_lines": [
            [
                "Address         Age (sec)  Hardware Addr   Interface",
                "10.220.88.1       0:00:00  0024.c4e9.48ae  Vlan1, Ethernet1",
                "10.220.88.37      2:59:30  0001.00ff.0001  Vlan1, Ethernet1",
                "10.220.88.38      0:54:41  0002.00ff.0001  Vlan1, Ethernet1"
            ]
        ]
    }
}

PLAY RECAP *********************************************************************
arista5                    : ok=2    changed=0    unreachable=0    failed=0    skipped=2    rescued=0    ignored=0   

